Example app listening on port 4390
{"ok":false,"error":"code_already_used"}
Example app listening on port 4390
{"ok":true,"access_token":"xoxp-585685611569-591987001456-595856709830-60d57f13641f11fd5a70173322e186a6","scope":"identify,bot,commands","user_id":"UHDV101DE","team_name":"Magic Inc","team_id":"TH7L5HZGR","bot":{"bot_user_id":"UHGMQNDGD","bot_access_token":"xoxb-585685611569-594738761557-Y4c8hcMoPFFdFzFw0bbgJfEB"}}
{"ok":false,"error":"code_already_used"}
Example app listening on port 4390
{"ok":false,"error":"code_already_used"}
string
false
Example app listening on port 4390
{"ok":false,"error":"code_already_used"}
string
false
{"ok":true,"access_token":"xoxp-585685611569-591987001456-595857761734-b2be14e89a0ea3b19810946586709662","scope":"identify,bot,commands","user_id":"UHDV101DE","team_name":"Magic Inc","team_id":"TH7L5HZGR","bot":{"bot_user_id":"UHGMQNDGD","bot_access_token":"xoxb-585685611569-594738761557-Om3wqOzZhCJ01aBKR3CwbGu8"}}
string
true
Magic Inc
xoxb-585685611569-594738761557-Om3wqOzZhCJ01aBKR3CwbGu8
xoxp-585685611569-591987001456-594754629685-98ece72adee6534ecbb436278f0d306c , UHDV101DE , Magic Inc , TH7L5HZGR , xoxb-585685611569-594738761557-2IH0Dyufp8hvONXmxCSCX2cd , UHGMQNDGD
xoxp-585685611569-591987001456-592005106432-1dc666ae5c9ee44622f189cd075fde8d , UHDV101DE , Magic Inc , TH7L5HZGR , UHGMQNDGD , xoxb-585685611569-594738761557-R9gKQyZ919YLTHVHZAkvdMbG
